#
# A fatal error has been detected by the Java Runtime Environment:
#
#  EXCEPTION_ACCESS_VIOLATION (0xc0000005) at pc=0x00000000642b4152, pid=70740, tid=85864
#
# JRE version: Java(TM) SE Runtime Environment (10.0.1+10) (build 10.0.1+10)
# Java VM: Java HotSpot(TM) 64-Bit Server VM (10.0.1+10, mixed mode, tiered, compressed oops, g1 gc, windows-amd64)
# Problematic frame:
# V  [jvm.dll+0x474152]
#
# No core dump will be written. Minidumps are not enabled by default on client versions of Windows
#
# If you would like to submit a bug report, please visit:
#   http://bugreport.java.com/bugreport/crash.jsp
#

---------------  S U M M A R Y ------------

Command Line: -agentlib:jdwp=transport=dt_socket,suspend=y,address=localhost:55296 -javaagent:C:\Users\tossi\eclipse\java-2020-03\eclipse\configuration\org.eclipse.osgi\223\0\.cp\lib\javaagent-shaded.jar -Dfile.encoding=Cp1251 Program16_22

Host: Intel(R) Core(TM) i7-7500U CPU @ 2.70GHz, 4 cores, 7G,  Windows 10 , 64 bit Build 18362 (10.0.18362.778)
Time: Tue Jun 09 13:57:16 2020 ?iiaineia a?aiy (eaoi) elapsed time: 61 seconds (0d 0h 1m 1s)

---------------  T H R E A D  ---------------

Current thread (0x00000184d3c41800):  VMThread "VM Thread" [stack: 0x00000020a7a00000,0x00000020a7b00000] [id=85864]

Stack: [0x00000020a7a00000,0x00000020a7b00000],  sp=0x00000020a7aff3f0,  free space=1020k
Native frames: (J=compiled Java code, j=interpreted, Vv=VM code, C=native code)
V  [jvm.dll+0x474152]
V  [jvm.dll+0x474d87]
V  [jvm.dll+0x6c485c]
V  [jvm.dll+0x6c2fc5]
V  [jvm.dll+0x6c37d0]
V  [jvm.dll+0x6c3b0c]
V  [jvm.dll+0x59f680]
C  [msvcr120.dll+0x24f7f]
C  [msvcr120.dll+0x25126]
C  [KERNEL32.DLL+0x17bd4]
C  [ntdll.dll+0x6ce51]


siginfo: EXCEPTION_ACCESS_VIOLATION (0xc0000005), reading address 0xffffffffffffffff


Register to memory mapping:

RIP=0x00000000642b4152 jvm.dll
RAX=0x00ca0184d4336428 is an unknown value
RBX=0x0000000000000008 is an unknown value
RCX=0x00000184d43362c0 is pointing into metadata
RDX=0x0000000000000002 is an unknown value
RSP=0x00000020a7aff3f0 is an unknown value
RBP=0x00000184d4945920 is an unknown value
RSI={method} {0x00000184d4336478} 
[error occurred during error reporting (printing register info), id 0xc0000005]

Registers:
RAX=0x00ca0184d4336428, RBX=0x0000000000000008, RCX=0x00000184d43362c0, RDX=0x0000000000000002
RSP=0x00000020a7aff3f0, RBP=0x00000184d4945920, RSI=0x00000184d4336470, RDI=0x00000020a83ff640
R8 =0x00000184d43362d8, R9 =0x00000184d43b5c70, R10=0x00000184d3b0bb48, R11=0x00000184d3bddc88
R12=0x00000020a7aff4a0, R13=0x00000184d3b09550, R14=0x00000184d3bd79c8, R15=0x00000001000b18f8
RIP=0x00000000642b4152, EFLAGS=0x0000000000010202

Top of Stack: (sp=0x00000020a7aff3f0)
0x00000020a7aff3f0:   00000020a83ff640 00000184d4968790
0x00000020a7aff400:   00000184d4968790 00000020a83ff640
0x00000020a7aff410:   0000000000000000 00000184d3b0bb48
0x00000020a7aff420:   00000184d3bddc88 0000000000000000
0x00000020a7aff430:   0000000000000000 00000184d3bd79c8
0x00000020a7aff440:   00000020a83ff640 00000184d4968790
0x00000020a7aff450:   00000184d4945920 00000000000003d8
0x00000020a7aff460:   0000000064816940 00000000645bd698
0x00000020a7aff470:   00000184d4968ac0 00000000642b4d87
0x00000020a7aff480:   00000020a83ff640 00000020a7aff4a0
0x00000020a7aff490:   00000184d4968790 00000020a83ff640
0x00000020a7aff4a0:   000000006439d430 0000000000000000
0x00000020a7aff4b0:   00000184d3bd75e0 000000006450485c
0x00000020a7aff4c0:   00000184d3c3ebc0 00000184d3bd75f0
0x00000020a7aff4d0:   00000020a83ff5d0 0000000064626a60
0x00000020a7aff4e0:   0000000000000000 0000a6ef0000000e 

Instructions: (pc=0x00000000642b4152)
0x00000000642b4132:   00 00 4c 8d 42 01 4e 8d 04 c1 0f 1f 40 00 49 8b
0x00000000642b4142:   30 0f b6 46 2a c0 e8 05 a8 01 74 1e 48 8b 46 08
0x00000000642b4152:   4c 8b 48 08 0f b7 48 2a 4d 39 6c c9 40 75 0b 0f
0x00000000642b4162:   b7 48 2c 4d 39 54 c9 40 74 0e 49 83 e8 08 48 ff 


VM_Operation (0x00000020a83ff5d0): ChangeBreakpoints, mode: safepoint, requested by thread 0x00000184d484d800


---------------  P R O C E S S  ---------------

Threads class SMR info:
_java_thread_list=0x00000184d492e120, length=14, elements={
0x00000184b4547000, 0x00000184d3c43000, 0x00000184d3c4e000, 0x00000184d3c62800,
0x00000184d3c65800, 0x00000184d3c67800, 0x00000184d3c6a800, 0x00000184d3c6e800,
0x00000184d3c6f800, 0x00000184d484d800, 0x00000184d484e800, 0x00000184d484f000,
0x00000184d496c800, 0x00000184d492b800
}

Java Threads: ( => current thread )
  0x00000184b4547000 JavaThread "main" [_thread_blocked, id=57672, stack(0x00000020a6e00000,0x00000020a6f00000)]
  0x00000184d3c43000 JavaThread "Reference Handler" daemon [_thread_blocked, id=24588, stack(0x00000020a7b00000,0x00000020a7c00000)]
  0x00000184d3c4e000 JavaThread "Finalizer" daemon [_thread_blocked, id=60768, stack(0x00000020a7c00000,0x00000020a7d00000)]
  0x00000184d3c62800 JavaThread "Signal Dispatcher" daemon [_thread_blocked, id=35080, stack(0x00000020a7d00000,0x00000020a7e00000)]
  0x00000184d3c65800 JavaThread "Attach Listener" daemon [_thread_blocked, id=2208, stack(0x00000020a7e00000,0x00000020a7f00000)]
  0x00000184d3c67800 JavaThread "C2 CompilerThread0" daemon [_thread_blocked, id=37628, stack(0x00000020a7f00000,0x00000020a8000000)]
  0x00000184d3c6a800 JavaThread "C2 CompilerThread1" daemon [_thread_blocked, id=37160, stack(0x00000020a8000000,0x00000020a8100000)]
  0x00000184d3c6e800 JavaThread "C1 CompilerThread2" daemon [_thread_blocked, id=18948, stack(0x00000020a8100000,0x00000020a8200000)]
  0x00000184d3c6f800 JavaThread "Sweeper thread" daemon [_thread_blocked, id=46200, stack(0x00000020a8200000,0x00000020a8300000)]
  0x00000184d484d800 JavaThread "JDWP Transport Listener: dt_socket" daemon [_thread_blocked, id=87792, stack(0x00000020a8300000,0x00000020a8400000)]
  0x00000184d484e800 JavaThread "JDWP Event Helper Thread" daemon [_thread_blocked, id=36180, stack(0x00000020a8400000,0x00000020a8500000)]
  0x00000184d484f000 JavaThread "JDWP Command Reader" daemon [_thread_in_native, id=76512, stack(0x00000020a8500000,0x00000020a8600000)]
  0x00000184d496c800 JavaThread "Common-Cleaner" daemon [_thread_blocked, id=72600, stack(0x00000020a8600000,0x00000020a8700000)]
  0x00000184d492b800 JavaThread "Service Thread" daemon [_thread_blocked, id=91984, stack(0x00000020a8700000,0x00000020a8800000)]

Other Threads:
=>0x00000184d3c41800 VMThread "VM Thread" [stack: 0x00000020a7a00000,0x00000020a7b00000] [id=85864]
  0x00000184d498c000 WatcherThread [stack: 0x00000020a8800000,0x00000020a8900000] [id=7768]
  0x00000184b4560000 GCTaskThread "GC Thread#0" [stack: 0x00000020a6f00000,0x00000020a7000000] [id=16336]
  0x00000184b4561000 GCTaskThread "GC Thread#1" [stack: 0x00000020a7000000,0x00000020a7100000] [id=84824]
  0x00000184b4564800 GCTaskThread "GC Thread#2" [stack: 0x00000020a7100000,0x00000020a7200000] [id=74516]
  0x00000184b4566800 GCTaskThread "GC Thread#3" [stack: 0x00000020a7200000,0x00000020a7300000] [id=91780]
  0x00000184b45d5800 ConcurrentGCThread "G1 Main Marker" [stack: 0x00000020a7300000,0x00000020a7400000] [id=82928]
  0x00000184b45d8800 ConcurrentGCThread "G1 Conc#0" [stack: 0x00000020a7400000,0x00000020a7500000] [id=72852]
  0x00000184d3abf800 ConcurrentGCThread "G1 Refine#0" [stack: 0x00000020a7500000,0x00000020a7600000] [id=12712]
  0x00000184d3ac0800 ConcurrentGCThread "G1 Refine#1" [stack: 0x00000020a7600000,0x00000020a7700000] [id=61228]
  0x00000184d3ac1800 ConcurrentGCThread "G1 Refine#2" [stack: 0x00000020a7700000,0x00000020a7800000] [id=28684]
  0x00000184d3ac2800 ConcurrentGCThread "G1 Refine#3" [stack: 0x00000020a7800000,0x00000020a7900000] [id=52228]
  0x00000184d3ac6800 ConcurrentGCThread "G1 Young RemSet Sampling" [stack: 0x00000020a7900000,0x00000020a7a00000] [id=22900]

Threads with active compile tasks:

VM state:at safepoint (normal execution)

VM Mutex/Monitor currently owned by a thread:  ([mutex/lock_event])
[0x00000184b45458f0] Threads_lock - owner thread: 0x00000184d3c41800

Heap address: 0x0000000082000000, size: 2016 MB, Compressed Oops mode: 32-bit
Narrow klass base: 0x0000000000000000, Narrow klass shift: 3
Compressed class space size: 1073741824 Address: 0x0000000100000000

Heap:
 garbage-first heap   total 129024K, used 5120K [0x0000000082000000, 0x0000000100000000)
  region size 1024K, 6 young (6144K), 0 survivors (0K)
 Metaspace       used 8224K, capacity 8439K, committed 8576K, reserved 1056768K
  class space    used 755K, capacity 810K, committed 896K, reserved 1048576K
Heap Regions: E=young(eden), S=young(survivor), O=old, HS=humongous(starts), HC=humongous(continues), CS=collection set, F=free, A=archive, TS=gc time stamp, AC=allocation context, TAMS=top-at-mark-start (previous, next)
|   0|0x0000000082000000, 0x0000000082000000, 0x0000000082100000|  0%| F|  |TS  0|AC  0|TAMS 0x0000000082000000, 0x0000000082000000|
|   1|0x0000000082100000, 0x0000000082100000, 0x0000000082200000|  0%| F|  |TS  0|AC  0|TAMS 0x0000000082100000, 0x0000000082100000|
|   2|0x0000000082200000, 0x0000000082200000, 0x0000000082300000|  0%| F|  |TS  0|AC  0|TAMS 0x0000000082200000, 0x0000000082200000|
|   3|0x0000000082300000, 0x0000000082300000, 0x0000000082400000|  0%| F|  |TS  0|AC  0|TAMS 0x0000000082300000, 0x0000000082300000|
|   4|0x0000000082400000, 0x0000000082400000, 0x0000000082500000|  0%| F|  |TS  0|AC  0|TAMS 0x0000000082400000, 0x0000000082400000|
|   5|0x0000000082500000, 0x0000000082500000, 0x0000000082600000|  0%| F|  |TS  0|AC  0|TAMS 0x0000000082500000, 0x0000000082500000|
|   6|0x0000000082600000, 0x0000000082600000, 0x0000000082700000|  0%| F|  |TS  0|AC  0|TAMS 0x0000000082600000, 0x0000000082600000|
|   7|0x0000000082700000, 0x0000000082700000, 0x0000000082800000|  0%| F|  |TS  0|AC  0|TAMS 0x0000000082700000, 0x0000000082700000|
|   8|0x0000000082800000, 0x0000000082800000, 0x0000000082900000|  0%| F|  |TS  0|AC  0|TAMS 0x0000000082800000, 0x0000000082800000|
|   9|0x0000000082900000, 0x0000000082900000, 0x0000000082a00000|  0%| F|  |TS  0|AC  0|TAMS 0x0000000082900000, 0x0000000082900000|
|  10|0x0000000082a00000, 0x0000000082a00000, 0x0000000082b00000|  0%| F|  |TS  0|AC  0|TAMS 0x0000000082a00000, 0x0000000082a00000|
|  11|0x0000000082b00000, 0x0000000082b00000, 0x0000000082c00000|  0%| F|  |TS  0|AC  0|TAMS 0x0000000082b00000, 0x0000000082b00000|
|  12|0x0000000082c00000, 0x0000000082c00000, 0x0000000082d00000|  0%| F|  |TS  0|AC  0|TAMS 0x0000000082c00000, 0x0000000082c00000|
|  13|0x0000000082d00000, 0x0000000082d00000, 0x0000000082e00000|  0%| F|  |TS  0|AC  0|TAMS 0x0000000082d00000, 0x0000000082d00000|
|  14|0x0000000082e00000, 0x0000000082e00000, 0x0000000082f00000|  0%| F|  |TS  0|AC  0|TAMS 0x0000000082e00000, 0x0000000082e00000|
|  15|0x0000000082f00000, 0x0000000082f00000, 0x0000000083000000|  0%| F|  |TS  0|AC  0|TAMS 0x0000000082f00000, 0x0000000082f00000|
|  16|0x0000000083000000, 0x0000000083000000, 0x0000000083100000|  0%| F|  |TS  0|AC  0|TAMS 0x0000000083000000, 0x0000000083000000|
|  17|0x0000000083100000, 0x0000000083100000, 0x0000000083200000|  0%| F|  |TS  0|AC  0|TAMS 0x0000000083100000, 0x0000000083100000|
|  18|0x0000000083200000, 0x0000000083200000, 0x0000000083300000|  0%| F|  |TS  0|AC  0|TAMS 0x0000000083200000, 0x0000000083200000|
|  19|0x0000000083300000, 0x0000000083300000, 0x0000000083400000|  0%| F|  |TS  0|AC  0|TAMS 0x0000000083300000, 0x0000000083300000|
|  20|0x0000000083400000, 0x0000000083400000, 0x0000000083500000|  0%| F|  |TS  0|AC  0|TAMS 0x0000000083400000, 0x0000000083400000|
|  21|0x0000000083500000, 0x0000000083500000, 0x0000000083600000|  0%| F|  |TS  0|AC  0|TAMS 0x0000000083500000, 0x0000000083500000|
|  22|0x0000000083600000, 0x0000000083600000, 0x0000000083700000|  0%| F|  |TS  0|AC  0|TAMS 0x0000000083600000, 0x0000000083600000|
|  23|0x0000000083700000, 0x0000000083700000, 0x0000000083800000|  0%| F|  |TS  0|AC  0|TAMS 0x0000000083700000, 0x0000000083700000|
|  24|0x0000000083800000, 0x0000000083800000, 0x0000000083900000|  0%| F|  |TS  0|AC  0|TAMS 0x0000000083800000, 0x0000000083800000|
|  25|0x0000000083900000, 0x0000000083900000, 0x0000000083a00000|  0%| F|  |TS  0|AC  0|TAMS 0x0000000083900000, 0x0000000083900000|
|  26|0x0000000083a00000, 0x0000000083a00000, 0x0000000083b00000|  0%| F|  |TS  0|AC  0|TAMS 0x0000000083a00000, 0x0000000083a00000|
|  27|0x0000000083b00000, 0x0000000083b00000, 0x0000000083c00000|  0%| F|  |TS  0|AC  0|TAMS 0x0000000083b00000, 0x0000000083b00000|
|  28|0x0000000083c00000, 0x0000000083c00000, 0x0000000083d00000|  0%| F|  |TS  0|AC  0|TAMS 0x0000000083c00000, 0x0000000083c00000|
|  29|0x0000000083d00000, 0x0000000083d00000, 0x0000000083e00000|  0%| F|  |TS  0|AC  0|TAMS 0x0000000083d00000, 0x0000000083d00000|
|  30|0x0000000083e00000, 0x0000000083e00000, 0x0000000083f00000|  0%| F|  |TS  0|AC  0|TAMS 0x0000000083e00000, 0x0000000083e00000|
|  31|0x0000000083f00000, 0x0000000083f00000, 0x0000000084000000|  0%| F|  |TS  0|AC  0|TAMS 0x0000000083f00000, 0x0000000083f00000|
|  32|0x0000000084000000, 0x0000000084000000, 0x0000000084100000|  0%| F|  |TS  0|AC  0|TAMS 0x0000000084000000, 0x0000000084000000|
|  33|0x0000000084100000, 0x0000000084100000, 0x0000000084200000|  0%| F|  |TS  0|AC  0|TAMS 0x0000000084100000, 0x0000000084100000|
|  34|0x0000000084200000, 0x0000000084200000, 0x0000000084300000|  0%| F|  |TS  0|AC  0|TAMS 0x0000000084200000, 0x0000000084200000|
|  35|0x0000000084300000, 0x0000000084300000, 0x0000000084400000|  0%| F|  |TS  0|AC  0|TAMS 0x0000000084300000, 0x0000000084300000|
|  36|0x0000000084400000, 0x0000000084400000, 0x0000000084500000|  0%| F|  |TS  0|AC  0|TAMS 0x0000000084400000, 0x0000000084400000|
|  37|0x0000000084500000, 0x0000000084500000, 0x0000000084600000|  0%| F|  |TS  0|AC  0|TAMS 0x0000000084500000, 0x0000000084500000|
|  38|0x0000000084600000, 0x0000000084600000, 0x0000000084700000|  0%| F|  |TS  0|AC  0|TAMS 0x0000000084600000, 0x0000000084600000|
|  39|0x0000000084700000, 0x0000000084700000, 0x0000000084800000|  0%| F|  |TS  0|AC  0|TAMS 0x0000000084700000, 0x0000000084700000|
|  40|0x0000000084800000, 0x0000000084800000, 0x0000000084900000|  0%| F|  |TS  0|AC  0|TAMS 0x0000000084800000, 0x0000000084800000|
|  41|0x0000000084900000, 0x0000000084900000, 0x0000000084a00000|  0%| F|  |TS  0|AC  0|TAMS 0x0000000084900000, 0x0000000084900000|
|  42|0x0000000084a00000, 0x0000000084a00000, 0x0000000084b00000|  0%| F|  |TS  0|AC  0|TAMS 0x0000000084a00000, 0x0000000084a00000|
|  43|0x0000000084b00000, 0x0000000084b00000, 0x0000000084c00000|  0%| F|  |TS  0|AC  0|TAMS 0x0000000084b00000, 0x0000000084b00000|
|  44|0x0000000084c00000, 0x0000000084c00000, 0x0000000084d00000|  0%| F|  |TS  0|AC  0|TAMS 0x0000000084c00000, 0x0000000084c00000|
|  45|0x0000000084d00000, 0x0000000084d00000, 0x0000000084e00000|  0%| F|  |TS  0|AC  0|TAMS 0x0000000084d00000, 0x0000000084d00000|
|  46|0x0000000084e00000, 0x0000000084e00000, 0x0000000084f00000|  0%| F|  |TS  0|AC  0|TAMS 0x0000000084e00000, 0x0000000084e00000|
|  47|0x0000000084f00000, 0x0000000084f00000, 0x0000000085000000|  0%| F|  |TS  0|AC  0|TAMS 0x0000000084f00000, 0x0000000084f00000|
|  48|0x0000000085000000, 0x0000000085000000, 0x0000000085100000|  0%| F|  |TS  0|AC  0|TAMS 0x0000000085000000, 0x0000000085000000|
|  49|0x0000000085100000, 0x0000000085100000, 0x0000000085200000|  0%| F|  |TS  0|AC  0|TAMS 0x0000000085100000, 0x0000000085100000|
|  50|0x0000000085200000, 0x0000000085200000, 0x0000000085300000|  0%| F|  |TS  0|AC  0|TAMS 0x0000000085200000, 0x0000000085200000|
|  51|0x0000000085300000, 0x0000000085300000, 0x0000000085400000|  0%| F|  |TS  0|AC  0|TAMS 0x0000000085300000, 0x0000000085300000|
|  52|0x0000000085400000, 0x0000000085400000, 0x0000000085500000|  0%| F|  |TS  0|AC  0|TAMS 0x0000000085400000, 0x0000000085400000|
|  53|0x0000000085500000, 0x0000000085500000, 0x0000000085600000|  0%| F|  |TS  0|AC  0|TAMS 0x0000000085500000, 0x0000000085500000|
|  54|0x0000000085600000, 0x0000000085600000, 0x0000000085700000|  0%| F|  |TS  0|AC  0|TAMS 0x0000000085600000, 0x0000000085600000|
|  55|0x0000000085700000, 0x0000000085700000, 0x0000000085800000|  0%| F|  |TS  0|AC  0|TAMS 0x0000000085700000, 0x0000000085700000|
|  56|0x0000000085800000, 0x0000000085800000, 0x0000000085900000|  0%| F|  |TS  0|AC  0|TAMS 0x0000000085800000, 0x0000000085800000|
|  57|0x0000000085900000, 0x0000000085900000, 0x0000000085a00000|  0%| F|  |TS  0|AC  0|TAMS 0x0000000085900000, 0x0000000085900000|
|  58|0x0000000085a00000, 0x0000000085a00000, 0x0000000085b00000|  0%| F|  |TS  0|AC  0|TAMS 0x0000000085a00000, 0x0000000085a00000|
|  59|0x0000000085b00000, 0x0000000085b00000, 0x0000000085c00000|  0%| F|  |TS  0|AC  0|TAMS 0x0000000085b00000, 0x0000000085b00000|
|  60|0x0000000085c00000, 0x0000000085c00000, 0x0000000085d00000|  0%| F|  |TS  0|AC  0|TAMS 0x0000000085c00000, 0x0000000085c00000|
|  61|0x0000000085d00000, 0x0000000085d00000, 0x0000000085e00000|  0%| F|  |TS  0|AC  0|TAMS 0x0000000085d00000, 0x0000000085d00000|
|  62|0x0000000085e00000, 0x0000000085e00000, 0x0000000085f00000|  0%| F|  |TS  0|AC  0|TAMS 0x0000000085e00000, 0x0000000085e00000|
|  63|0x0000000085f00000, 0x0000000085f00000, 0x0000000086000000|  0%| F|  |TS  0|AC  0|TAMS 0x0000000085f00000, 0x0000000085f00000|
|  64|0x0000000086000000, 0x0000000086000000, 0x0000000086100000|  0%| F|  |TS  0|AC  0|TAMS 0x0000000086000000, 0x0000000086000000|
|  65|0x0000000086100000, 0x0000000086100000, 0x0000000086200000|  0%| F|  |TS  0|AC  0|TAMS 0x0000000086100000, 0x0000000086100000|
|  66|0x0000000086200000, 0x0000000086200000, 0x0000000086300000|  0%| F|  |TS  0|AC  0|TAMS 0x0000000086200000, 0x0000000086200000|
|  67|0x0000000086300000, 0x0000000086300000, 0x0000000086400000|  0%| F|  |TS  0|AC  0|TAMS 0x0000000086300000, 0x0000000086300000|
|  68|0x0000000086400000, 0x0000000086400000, 0x0000000086500000|  0%| F|  |TS  0|AC  0|TAMS 0x0000000086400000, 0x0000000086400000|
|  69|0x0000000086500000, 0x0000000086500000, 0x0000000086600000|  0%| F|  |TS  0|AC  0|TAMS 0x0000000086500000, 0x0000000086500000|
|  70|0x0000000086600000, 0x0000000086600000, 0x0000000086700000|  0%| F|  |TS  0|AC  0|TAMS 0x0000000086600000, 0x0000000086600000|
|  71|0x0000000086700000, 0x0000000086700000, 0x0000000086800000|  0%| F|  |TS  0|AC  0|TAMS 0x0000000086700000, 0x0000000086700000|
|  72|0x0000000086800000, 0x0000000086800000, 0x0000000086900000|  0%| F|  |TS  0|AC  0|TAMS 0x0000000086800000, 0x0000000086800000|
|  73|0x0000000086900000, 0x0000000086900000, 0x0000000086a00000|  0%| F|  |TS  0|AC  0|TAMS 0x0000000086900000, 0x0000000086900000|
|  74|0x0000000086a00000, 0x0000000086a00000, 0x0000000086b00000|  0%| F|  |TS  0|AC  0|TAMS 0x0000000086a00000, 0x0000000086a00000|
|  75|0x0000000086b00000, 0x0000000086b00000, 0x0000000086c00000|  0%| F|  |TS  0|AC  0|TAMS 0x0000000086b00000, 0x0000000086b00000|
|  76|0x0000000086c00000, 0x0000000086c00000, 0x0000000086d00000|  0%| F|  |TS  0|AC  0|TAMS 0x0000000086c00000, 0x0000000086c00000|
|  77|0x0000000086d00000, 0x0000000086d00000, 0x0000000086e00000|  0%| F|  |TS  0|AC  0|TAMS 0x0000000086d00000, 0x0000000086d00000|
|  78|0x0000000086e00000, 0x0000000086e00000, 0x0000000086f00000|  0%| F|  |TS  0|AC  0|TAMS 0x0000000086e00000, 0x0000000086e00000|
|  79|0x0000000086f00000, 0x0000000086f00000, 0x0000000087000000|  0%| F|  |TS  0|AC  0|TAMS 0x0000000086f00000, 0x0000000086f00000|
|  80|0x0000000087000000, 0x0000000087000000, 0x0000000087100000|  0%| F|  |TS  0|AC  0|TAMS 0x0000000087000000, 0x0000000087000000|
|  81|0x0000000087100000, 0x0000000087100000, 0x0000000087200000|  0%| F|  |TS  0|AC  0|TAMS 0x0000000087100000, 0x0000000087100000|
|  82|0x0000000087200000, 0x0000000087200000, 0x0000000087300000|  0%| F|  |TS  0|AC  0|TAMS 0x0000000087200000, 0x0000000087200000|
|  83|0x0000000087300000, 0x0000000087300000, 0x0000000087400000|  0%| F|  |TS  0|AC  0|TAMS 0x0000000087300000, 0x0000000087300000|
|  84|0x0000000087400000, 0x0000000087400000, 0x0000000087500000|  0%| F|  |TS  0|AC  0|TAMS 0x0000000087400000, 0x0000000087400000|
|  85|0x0000000087500000, 0x0000000087500000, 0x0000000087600000|  0%| F|  |TS  0|AC  0|TAMS 0x0000000087500000, 0x0000000087500000|
|  86|0x0000000087600000, 0x0000000087600000, 0x0000000087700000|  0%| F|  |TS  0|AC  0|TAMS 0x0000000087600000, 0x0000000087600000|
|  87|0x0000000087700000, 0x0000000087700000, 0x0000000087800000|  0%| F|  |TS  0|AC  0|TAMS 0x0000000087700000, 0x0000000087700000|
|  88|0x0000000087800000, 0x0000000087800000, 0x0000000087900000|  0%| F|  |TS  0|AC  0|TAMS 0x0000000087800000, 0x0000000087800000|
|  89|0x0000000087900000, 0x0000000087900000, 0x0000000087a00000|  0%| F|  |TS  0|AC  0|TAMS 0x0000000087900000, 0x0000000087900000|
|  90|0x0000000087a00000, 0x0000000087a00000, 0x0000000087b00000|  0%| F|  |TS  0|AC  0|TAMS 0x0000000087a00000, 0x0000000087a00000|
|  91|0x0000000087b00000, 0x0000000087b00000, 0x0000000087c00000|  0%| F|  |TS  0|AC  0|TAMS 0x0000000087b00000, 0x0000000087b00000|
|  92|0x0000000087c00000, 0x0000000087c00000, 0x0000000087d00000|  0%| F|  |TS  0|AC  0|TAMS 0x0000000087c00000, 0x0000000087c00000|
|  93|0x0000000087d00000, 0x0000000087d00000, 0x0000000087e00000|  0%| F|  |TS  0|AC  0|TAMS 0x0000000087d00000, 0x0000000087d00000|
|  94|0x0000000087e00000, 0x0000000087e00000, 0x0000000087f00000|  0%| F|  |TS  0|AC  0|TAMS 0x0000000087e00000, 0x0000000087e00000|
|  95|0x0000000087f00000, 0x0000000087f00000, 0x0000000088000000|  0%| F|  |TS  0|AC  0|TAMS 0x0000000087f00000, 0x0000000087f00000|
|  96|0x0000000088000000, 0x0000000088000000, 0x0000000088100000|  0%| F|  |TS  0|AC  0|TAMS 0x0000000088000000, 0x0000000088000000|
|  97|0x0000000088100000, 0x0000000088100000, 0x0000000088200000|  0%| F|  |TS  0|AC  0|TAMS 0x0000000088100000, 0x0000000088100000|
|  98|0x0000000088200000, 0x0000000088200000, 0x0000000088300000|  0%| F|  |TS  0|AC  0|TAMS 0x0000000088200000, 0x0000000088200000|
|  99|0x0000000088300000, 0x0000000088300000, 0x0000000088400000|  0%| F|  |TS  0|AC  0|TAMS 0x0000000088300000, 0x0000000088300000|
| 100|0x0000000088400000, 0x0000000088400000, 0x0000000088500000|  0%| F|  |TS  0|AC  0|TAMS 0x0000000088400000, 0x0000000088400000|
| 101|0x0000000088500000, 0x0000000088500000, 0x0000000088600000|  0%| F|  |TS  0|AC  0|TAMS 0x0000000088500000, 0x0000000088500000|
| 102|0x0000000088600000, 0x0000000088600000, 0x0000000088700000|  0%| F|  |TS  0|AC  0|TAMS 0x0000000088600000, 0x0000000088600000|
| 103|0x0000000088700000, 0x0000000088700000, 0x0000000088800000|  0%| F|  |TS  0|AC  0|TAMS 0x0000000088700000, 0x0000000088700000|
| 104|0x0000000088800000, 0x0000000088800000, 0x0000000088900000|  0%| F|  |TS  0|AC  0|TAMS 0x0000000088800000, 0x0000000088800000|
| 105|0x0000000088900000, 0x0000000088900000, 0x0000000088a00000|  0%| F|  |TS  0|AC  0|TAMS 0x0000000088900000, 0x0000000088900000|
| 106|0x0000000088a00000, 0x0000000088a00000, 0x0000000088b00000|  0%| F|  |TS  0|AC  0|TAMS 0x0000000088a00000, 0x0000000088a00000|
| 107|0x0000000088b00000, 0x0000000088b00000, 0x0000000088c00000|  0%| F|  |TS  0|AC  0|TAMS 0x0000000088b00000, 0x0000000088b00000|
| 108|0x0000000088c00000, 0x0000000088c00000, 0x0000000088d00000|  0%| F|  |TS  0|AC  0|TAMS 0x0000000088c00000, 0x0000000088c00000|
| 109|0x0000000088d00000, 0x0000000088d00000, 0x0000000088e00000|  0%| F|  |TS  0|AC  0|TAMS 0x0000000088d00000, 0x0000000088d00000|
| 110|0x0000000088e00000, 0x0000000088e00000, 0x0000000088f00000|  0%| F|  |TS  0|AC  0|TAMS 0x0000000088e00000, 0x0000000088e00000|
| 111|0x0000000088f00000, 0x0000000088f00000, 0x0000000089000000|  0%| F|  |TS  0|AC  0|TAMS 0x0000000088f00000, 0x0000000088f00000|
| 112|0x0000000089000000, 0x0000000089000000, 0x0000000089100000|  0%| F|  |TS  0|AC  0|TAMS 0x0000000089000000, 0x0000000089000000|
| 113|0x0000000089100000, 0x0000000089100000, 0x0000000089200000|  0%| F|  |TS  0|AC  0|TAMS 0x0000000089100000, 0x0000000089100000|
| 114|0x0000000089200000, 0x0000000089200000, 0x0000000089300000|  0%| F|  |TS  0|AC  0|TAMS 0x0000000089200000, 0x0000000089200000|
| 115|0x0000000089300000, 0x0000000089300000, 0x0000000089400000|  0%| F|  |TS  0|AC  0|TAMS 0x0000000089300000, 0x0000000089300000|
| 116|0x0000000089400000, 0x0000000089400000, 0x0000000089500000|  0%| F|  |TS  0|AC  0|TAMS 0x0000000089400000, 0x0000000089400000|
| 117|0x0000000089500000, 0x0000000089500000, 0x0000000089600000|  0%| F|  |TS  0|AC  0|TAMS 0x0000000089500000, 0x0000000089500000|
| 118|0x0000000089600000, 0x0000000089600000, 0x0000000089700000|  0%| F|  |TS  0|AC  0|TAMS 0x0000000089600000, 0x0000000089600000|
| 119|0x0000000089700000, 0x0000000089700000, 0x0000000089800000|  0%| F|  |TS  0|AC  0|TAMS 0x0000000089700000, 0x0000000089700000|
| 120|0x0000000089800000, 0x0000000089892658, 0x0000000089900000| 57%| E|  |TS  0|AC  0|TAMS 0x0000000089800000, 0x0000000089800000|
| 121|0x0000000089900000, 0x0000000089a00000, 0x0000000089a00000|100%| E|CS|TS  0|AC  0|TAMS 0x0000000089900000, 0x0000000089900000|
| 122|0x0000000089a00000, 0x0000000089b00000, 0x0000000089b00000|100%| E|CS|TS  0|AC  0|TAMS 0x0000000089a00000, 0x0000000089a00000|
| 123|0x0000000089b00000, 0x0000000089c00000, 0x0000000089c00000|100%| E|CS|TS  0|AC  0|TAMS 0x0000000089b00000, 0x0000000089b00000|
| 124|0x0000000089c00000, 0x0000000089d00000, 0x0000000089d00000|100%| E|CS|TS  0|AC  0|TAMS 0x0000000089c00000, 0x0000000089c00000|
| 125|0x0000000089d00000, 0x0000000089e00000, 0x0000000089e00000|100%| E|CS|TS  0|AC  0|TAMS 0x0000000089d00000, 0x0000000089d00000|

Card table byte_map: [0x00000184ccee0000,0x00000184cd2d0000] byte_map_base: 0x00000184ccad0000

Marking Bits (Prev, Next): (CMBitMap*) 0x00000184b45d4c30, (CMBitMap*) 0x00000184b45d4c68
 Prev Bits: [0x00000184cd6c0000, 0x00000184cf640000)
 Next Bits: [0x00000184cf640000, 0x00000184d15c0000)

Polling page: 0x00000184b4330000

CodeHeap 'non-profiled nmethods': size=120064Kb used=143Kb max_used=143Kb free=119920Kb
 bounds [0x00000184c4f90000, 0x00000184c5200000, 0x00000184cc4d0000]
CodeHeap 'profiled nmethods': size=120000Kb used=658Kb max_used=658Kb free=119341Kb
 bounds [0x00000184bda60000, 0x00000184bdcd0000, 0x00000184c4f90000]
CodeHeap 'non-nmethods': size=5696Kb used=1147Kb max_used=1163Kb free=4548Kb
 bounds [0x00000184bd4d0000, 0x00000184bd740000, 0x00000184bda60000]
 total_blobs=938 nmethods=456 adapters=281
 compilation: enabled

Compilation events (10 events):
Event: 0.660 Thread 0x00000184d3c6e800  445       3       org.eclipse.jdt.launching.internal.org.objectweb.asm.Symbol::<init> (38 bytes)
Event: 0.660 Thread 0x00000184d3c6e800 nmethod 445 0x00000184bdb03290 code [0x00000184bdb03460, 0x00000184bdb03758]
Event: 0.660 Thread 0x00000184d3c6e800  451       3       org.eclipse.jdt.launching.internal.org.objectweb.asm.ClassReader::readUtf (44 bytes)
Event: 0.661 Thread 0x00000184d3c6e800 nmethod 451 0x00000184bdb03890 code [0x00000184bdb03a80, 0x00000184bdb03f50]
Event: 0.661 Thread 0x00000184d3c6e800  454       3       java.lang.invoke.MemberName::initResolved (53 bytes)
Event: 0.661 Thread 0x00000184d3c6e800 nmethod 454 0x00000184bdb04190 code [0x00000184bdb04340, 0x00000184bdb04558]
Event: 0.661 Thread 0x00000184d3c6a800  455       4       java.util.HashMap::put (13 bytes)
Event: 0.688 Thread 0x00000184d3c6a800 nmethod 455 0x00000184c4fb2090 code [0x00000184c4fb22a0, 0x00000184c4fb3748]
Event: 17.785 Thread 0x00000184d3c6e800  456       3       org.eclipse.jdt.launching.internal.org.objectweb.asm.ByteVector::putShort (52 bytes)
Event: 17.787 Thread 0x00000184d3c6e800 nmethod 456 0x00000184bdb04610 code [0x00000184bdb047e0, 0x00000184bdb04a50]

GC Heap History (0 events):
No events

Deoptimization events (5 events):
Event: 0.141 Thread 0x00000184b4547000 Uncommon trap: reason=unstable_if action=reinterpret pc=0x00000184c4f9b3a8 method=java.util.HashMap.putVal(ILjava/lang/Object;Ljava/lang/Object;ZZ)Ljava/lang/Object; @ 69 c2
Event: 0.277 Thread 0x00000184b4547000 Uncommon trap: reason=unstable_if action=reinterpret pc=0x00000184c4f957a8 method=java.lang.String.hashCode()I @ 14 c2
Event: 0.500 Thread 0x00000184b4547000 Uncommon trap: reason=unstable_if action=reinterpret pc=0x00000184c4fa1f74 method=java.lang.String.isLatin1()Z @ 10 c2
Event: 0.500 Thread 0x00000184b4547000 Uncommon trap: reason=unstable_if action=reinterpret pc=0x00000184c4fa26fc method=java.lang.String.isLatin1()Z @ 10 c2
Event: 0.654 Thread 0x00000184b4547000 Uncommon trap: reason=unstable_if action=reinterpret pc=0x00000184c4fb14b4 method=java.lang.String.hashCode()I @ 22 c2

Classes redefined (2 events):
Event: 17.786 Thread 0x00000184d3c41800 redefined class name=Program16_22, count=1
Event: 61.436 Thread 0x00000184d3c41800 redefined class name=Program16_22, count=2

Internal exceptions (2 events):
Event: 0.622 Thread 0x00000184b4547000 Exception <a 'java/lang/NoSuchMethodError'{0x00000000899bacc8}: java.lang.Object.lambda$negate$3(I)Z> (0x00000000899bacc8) thrown at [t:/workspace/open/src/hotspot/share/interpreter/linkResolver.cpp, line 741]
Event: 0.625 Thread 0x00000184b4547000 Exception <a 'java/lang/NoSuchMethodError'{0x00000000899bdfe8}: java.lang.Object.lambda$and$0(Ljava/util/regex/Pattern$CharPredicate;I)Z> (0x00000000899bdfe8) thrown at [t:/workspace/open/src/hotspot/share/interpreter/linkResolver.cpp, line 741]

Events (10 events):
Event: 46.773 Executing VM operation: GetOwnedMonitorInfo done
Event: 61.433 loading class org/eclipse/jdt/launching/internal/org/objectweb/asm/Opcodes
Event: 61.433 loading class org/eclipse/jdt/launching/internal/org/objectweb/asm/Opcodes done
Event: 61.435 Executing VM operation: RedefineClasses
Event: 61.437 Executing VM operation: RedefineClasses done
Event: 61.440 Executing VM operation: ChangeBreakpoints
Event: 61.441 Executing VM operation: ChangeBreakpoints done
Event: 61.445 Executing VM operation: ChangeBreakpoints
Event: 61.445 Executing VM operation: ChangeBreakpoints done
Event: 61.449 Executing VM operation: ChangeBreakpoints


Dynamic libraries:
0x00007ff7edbc0000 - 0x00007ff7edbfe000 	C:\Program Files\Java\jre-10.0.1\bin\javaw.exe
0x00007ffdfffa0000 - 0x00007ffe00190000 	C:\WINDOWS\SYSTEM32\ntdll.dll
0x00007ffdffba0000 - 0x00007ffdffc52000 	C:\WINDOWS\System32\KERNEL32.DLL
0x00007ffdfd160000 - 0x00007ffdfd404000 	C:\WINDOWS\System32\KERNELBASE.dll
0x00007ffdffc60000 - 0x00007ffdffd03000 	C:\WINDOWS\System32\ADVAPI32.dll
0x00007ffdffd10000 - 0x00007ffdffdae000 	C:\WINDOWS\System32\msvcrt.dll
0x00007ffdfe0c0000 - 0x00007ffdfe157000 	C:\WINDOWS\System32\sechost.dll
0x00007ffdfe160000 - 0x00007ffdfe280000 	C:\WINDOWS\System32\RPCRT4.dll
0x00007ffdfea60000 - 0x00007ffdfebf4000 	C:\WINDOWS\System32\USER32.dll
0x00007ffdfd5c0000 - 0x00007ffdfd5e1000 	C:\WINDOWS\System32\win32u.dll
0x00007ffdfea30000 - 0x00007ffdfea56000 	C:\WINDOWS\System32\GDI32.dll
0x00007ffdfd640000 - 0x00007ffdfd7d4000 	C:\WINDOWS\System32\gdi32full.dll
0x00007ffdfd7e0000 - 0x00007ffdfd87e000 	C:\WINDOWS\System32\msvcp_win.dll
0x00007ffdfd4c0000 - 0x00007ffdfd5ba000 	C:\WINDOWS\System32\ucrtbase.dll
0x00007ffdfc300000 - 0x00007ffdfc584000 	C:\WINDOWS\WinSxS\amd64_microsoft.windows.common-controls_6595b64144ccf1df_6.0.18362.836_none_e6c4b943130f18ed\COMCTL32.dll
0x00007ffdfe6f0000 - 0x00007ffdfea26000 	C:\WINDOWS\System32\combase.dll
0x00007ffdfa8e0000 - 0x00007ffdfa8ea000 	C:\WINDOWS\SYSTEM32\VERSION.dll
0x00007ffdfd080000 - 0x00007ffdfd100000 	C:\WINDOWS\System32\bcryptPrimitives.dll
0x00007ffdff920000 - 0x00007ffdff94e000 	C:\WINDOWS\System32\IMM32.DLL
0x00007ffdc79f0000 - 0x00007ffdc7adf000 	C:\Program Files\Java\jre-10.0.1\bin\msvcr120.dll
0x00007ffdc6e90000 - 0x00007ffdc6f36000 	C:\Program Files\Java\jre-10.0.1\bin\msvcp120.dll
0x0000000063e40000 - 0x00000000648b0000 	C:\Program Files\Java\jre-10.0.1\bin\server\jvm.dll
0x00007ffdff950000 - 0x00007ffdff958000 	C:\WINDOWS\System32\PSAPI.DLL
0x00007ffde88f0000 - 0x00007ffde88f9000 	C:\WINDOWS\SYSTEM32\WSOCK32.dll
0x00007ffdff960000 - 0x00007ffdff9cf000 	C:\WINDOWS\System32\WS2_32.dll
0x00007ffdfad50000 - 0x00007ffdfad74000 	C:\WINDOWS\SYSTEM32\WINMM.dll
0x00007ffdfad20000 - 0x00007ffdfad4d000 	C:\WINDOWS\SYSTEM32\WINMMBASE.dll
0x00007ffdfd5f0000 - 0x00007ffdfd63a000 	C:\WINDOWS\System32\cfgmgr32.dll
0x00007ffdfaf70000 - 0x00007ffdfaf7f000 	C:\Program Files\Java\jre-10.0.1\bin\verify.dll
0x00007ffdfc980000 - 0x00007ffdfcb74000 	C:\WINDOWS\SYSTEM32\DBGHELP.DLL
0x00007ffdfc890000 - 0x00007ffdfc8ba000 	C:\WINDOWS\SYSTEM32\dbgcore.DLL
0x00007ffdeec60000 - 0x00007ffdeec87000 	C:\Program Files\Java\jre-10.0.1\bin\java.dll
0x00007ffdd6590000 - 0x00007ffdd65c6000 	C:\Program Files\Java\jre-10.0.1\bin\jdwp.dll
0x00007ffdd3e20000 - 0x00007ffdd3e4a000 	C:\Program Files\Java\jre-10.0.1\bin\instrument.dll
0x00007ffdf91a0000 - 0x00007ffdf91b6000 	C:\Program Files\Java\jre-10.0.1\bin\zip.dll
0x00007ffdf51d0000 - 0x00007ffdf51da000 	C:\Program Files\Java\jre-10.0.1\bin\jimage.dll
0x00007ffdfeec0000 - 0x00007ffdff5a4000 	C:\WINDOWS\System32\SHELL32.dll
0x00007ffdfec00000 - 0x00007ffdfeca9000 	C:\WINDOWS\System32\shcore.dll
0x00007ffdfd8d0000 - 0x00007ffdfe04e000 	C:\WINDOWS\System32\windows.storage.dll
0x00007ffdfcf00000 - 0x00007ffdfcf23000 	C:\WINDOWS\System32\profapi.dll
0x00007ffdfceb0000 - 0x00007ffdfcefa000 	C:\WINDOWS\System32\powrprof.dll
0x00007ffdfce60000 - 0x00007ffdfce70000 	C:\WINDOWS\System32\UMPDC.dll
0x00007ffdff8c0000 - 0x00007ffdff912000 	C:\WINDOWS\System32\shlwapi.dll
0x00007ffdfce90000 - 0x00007ffdfcea1000 	C:\WINDOWS\System32\kernel.appcore.dll
0x00007ffdfd8b0000 - 0x00007ffdfd8c7000 	C:\WINDOWS\System32\cryptsp.dll
0x00007ffdf4470000 - 0x00007ffdf447a000 	C:\Program Files\Java\jre-10.0.1\bin\dt_socket.dll
0x00007ffdfc050000 - 0x00007ffdfc0b7000 	C:\WINDOWS\System32\mswsock.dll
0x00007ffdfbda0000 - 0x00007ffdfbe6b000 	C:\WINDOWS\SYSTEM32\DNSAPI.dll
0x00007ffdfe050000 - 0x00007ffdfe058000 	C:\WINDOWS\System32\NSI.dll
0x00007ffdfbd60000 - 0x00007ffdfbd9a000 	C:\WINDOWS\SYSTEM32\IPHLPAPI.DLL
0x00007ffdee910000 - 0x00007ffdee987000 	C:\WINDOWS\System32\fwpuclnt.dll
0x00007ffdfd880000 - 0x00007ffdfd8a6000 	C:\WINDOWS\System32\bcrypt.dll
0x00007ffdee900000 - 0x00007ffdee90a000 	C:\Windows\System32\rasadhlp.dll
0x00007ffdf2ed0000 - 0x00007ffdf2eea000 	C:\Program Files\Java\jre-10.0.1\bin\net.dll
0x00007ffdf5bb0000 - 0x00007ffdf5ca0000 	C:\WINDOWS\SYSTEM32\WINHTTP.dll
0x00007ffdf26b0000 - 0x00007ffdf26c1000 	C:\Program Files\Java\jre-10.0.1\bin\nio.dll

dbghelp: loaded successfully - version: 4.0.5 - missing functions: none
symbol engine: initialized successfully - sym options: 0x614 - pdb path: .;C:\Program Files\Java\jre-10.0.1\bin;C:\WINDOWS\SYSTEM32;C:\WINDOWS\WinSxS\amd64_microsoft.windows.common-controls_6595b64144ccf1df_6.0.18362.836_none_e6c4b943130f18ed;C:\Program Files\Java\jre-10.0.1\bin\server

VM Arguments:
jvm_args: -agentlib:jdwp=transport=dt_socket,suspend=y,address=localhost:55296 -javaagent:C:\Users\tossi\eclipse\java-2020-03\eclipse\configuration\org.eclipse.osgi\223\0\.cp\lib\javaagent-shaded.jar -Dfile.encoding=Cp1251 
java_command: Program16_22
java_class_path (initial): C:\Android\eclipse\projects\Samsung\bin
Launcher Type: SUN_STANDARD

Logging:
Log output configuration:
#0: stdout all=warning uptime,level,tags
#1: stderr all=off uptime,level,tags

Environment Variables:
JAVA_HOME=C:\Program Files\Android\Android Studio\bin
PATH=C:\Program Files (x86)\Common Files\Oracle\Java\javapath;C:\Program Files (x86)\Intel\iCLS Client\;C:\Program Files\Intel\iCLS Client\;C:\WINDOWS\system32;C:\WINDOWS;C:\WINDOWS\System32\Wbem;C:\WINDOWS\System32\WindowsPowerShell\v1.0\;C:\Program Files (x86)\Intel\Intel(R) Management Engine Components\DAL;C:\Program Files\Intel\Intel(R) Management Engine Components\DAL;C:\Program Files (x86)\Intel\Intel(R) Management Engine Components\IPT;C:\Program Files\Intel\Intel(R) Management Engine Components\IPT;C:\WINDOWS\System32\OpenSSH\;C:\Program Files\Intel\WiFi\bin\;C:\Program Files\Common Files\Intel\WirelessCommon\;C:\Program Files\dotnet\;C:\Program Files\Android\jdk\microsoft_dist_openjdk_1.8.0.25\bin\bin;C:\Program Files\nodejs\;C:\Program Files\Android\Android Studio\jre\bin;C:\Program Files\Microsoft SQL Server\130\Tools\Binn\;C:\Program Files\Microsoft SQL Server\Client SDK\ODBC\170\Tools\Binn\;C:\Users\tossi\AppData\Local\Android\Sdk;C:\Users\tossi\AppData\Local\Android\Sdk\tools;C:\Users\tossi\AppData\Local\Android\Sdk\platform-tools;C:\Users\tossi\.gradle\wrapper\dists\gradle-5.6.4\wrapper\dists\gradle-5.6.4-all\ankdp27end7byghfw1q2sw75f\gradle-5.6.4\bin\gradle-5.6.4;C:\Program Files\Git\cmd;C:\php\php7.3.17\ext;C:\wamp64\bin\php\php7.3.5;C:\composer;C:\wamp64\bin\php\php7.3.12;C:\Program Files\Symfony;C:\Program Files (x86)\Yarn\bin\;C:\Users\tossi\AppData\Local\Microsoft\WindowsApps;C:\Users\tossi\AppData\Local\Programs\Microsoft VS Code\bin;C:\Users\tossi\AppData\Roaming\npm;C:\Users\tossi\AppData\Roaming\Composer\vendor\bin;C:\Users\tossi\AppData\Local\Yarn\bin
USERNAME=tossi
OS=Windows_NT
PROCESSOR_IDENTIFIER=Intel64 Family 6 Model 142 Stepping 9, GenuineIntel



---------------  S Y S T E M  ---------------

OS: Windows 10 , 64 bit Build 18362 (10.0.18362.778)

CPU:total 4 (initial active 4) (2 cores per cpu, 2 threads per core) family 6 model 142 stepping 9, cmov, cx8, fxsr, mmx, sse, sse2, sse3, ssse3, sse4.1, sse4.2, popcnt, avx, avx2, aes, clmul, erms, 3dnowpref, lzcnt, ht, tsc, tscinvbit, bmi1, bmi2, adx, fma

Memory: 4k page, physical 8254128k(699800k free), swap 30085784k(16997028k free)

vm_info: Java HotSpot(TM) 64-Bit Server VM (10.0.1+10) for windows-amd64 JRE (10.0.1+10), built on Mar 27 2018 02:27:48 by "mach5one" with MS VC++ 12.0 (VS2013)

END.
